<?xml version="1.0" encoding="UTF-8"?>
<!-- Generated by org.testng.reporters.JUnitReportReporter -->
<testsuite skipped="0" hostname="john-PC" name="feb20.UsingNotepad" tests="1" failures="0" timestamp="20 Feb 2020 07:56:25 GMT" time="32.560" errors="0">
  <testcase name="verifyLogin" time="32.560" classname="feb20.UsingNotepad"/>
</testsuite> <!-- feb20.UsingNotepad -->
