<?xml version="1.0" encoding="UTF-8"?>
<!-- Generated by org.testng.reporters.JUnitReportReporter -->
<testsuite skipped="0" hostname="john-PC" name="feb20.OrangeHRM" tests="1" failures="0" timestamp="20 Feb 2020 07:00:44 GMT" time="77.278" errors="0">
  <testcase name="verifyLogin" time="77.278" classname="feb20.OrangeHRM"/>
</testsuite> <!-- feb20.OrangeHRM -->
