<?xml version="1.0" encoding="UTF-8"?>
<!-- Generated by org.testng.reporters.JUnitReportReporter -->
<testsuite skipped="1" hostname="john-PC" name="feb15.Demo3" tests="3" failures="0" timestamp="15 Feb 2020 07:56:30 GMT" time="10.547" errors="0">
  <testcase name="branches" time="5.293" classname="feb15.Demo3"/>
  <testcase name="users" time="5.254" classname="feb15.Demo3"/>
  <testcase name="roles" classname="feb15.Demo3">
    <skipped/>
  </testcase> <!-- roles -->
</testsuite> <!-- feb15.Demo3 -->
