<?xml version="1.0" encoding="UTF-8"?>
<!-- Generated by org.testng.reporters.JUnitReportReporter -->
<testsuite skipped="0" hostname="john-PC" name="feb15.Demo2" tests="3" failures="0" timestamp="15 Feb 2020 07:56:30 GMT" time="49.115" errors="0">
  <testcase name="Vacation" time="15.293" classname="feb15.Demo2"/>
  <testcase name="home" time="16.006" classname="feb15.Demo2"/>
  <testcase name="register" time="17.816" classname="feb15.Demo2"/>
</testsuite> <!-- feb15.Demo2 -->
