<?xml version="1.0" encoding="UTF-8"?>
<!-- Generated by org.testng.reporters.JUnitReportReporter -->
<testsuite skipped="0" hostname="john-PC" name="feb19.UsingAssert2" tests="1" failures="0" timestamp="19 Feb 2020 06:48:18 GMT" time="10.937" errors="0">
  <testcase name="tc1" time="10.937" classname="feb19.UsingAssert2"/>
</testsuite> <!-- feb19.UsingAssert2 -->
