<?xml version="1.0" encoding="UTF-8"?>
<!-- Generated by org.testng.reporters.JUnitReportReporter -->
<testsuite skipped="0" hostname="john-PC" name="feb15.Demo1" tests="3" failures="0" timestamp="15 Feb 2020 06:11:56 GMT" time="0.027" errors="0">
  <testcase name="tc2" time="0.007" classname="feb15.Demo1"/>
  <testcase name="tc3" time="0.009" classname="feb15.Demo1"/>
  <testcase name="tc1" time="0.011" classname="feb15.Demo1"/>
</testsuite> <!-- feb15.Demo1 -->
