<?xml version="1.0" encoding="UTF-8"?>
<!-- Generated by org.testng.reporters.JUnitReportReporter -->
<testsuite skipped="0" hostname="john-PC" name="feb19.UsingAssert1" tests="1" failures="0" timestamp="19 Feb 2020 06:45:27 GMT" time="7.388" errors="0">
  <testcase name="tc1" time="7.388" classname="feb19.UsingAssert1"/>
</testsuite> <!-- feb19.UsingAssert1 -->
